running develop
running egg_info
creating cleaning_robot.egg-info
writing cleaning_robot.egg-info/PKG-INFO
writing dependency_links to cleaning_robot.egg-info/dependency_links.txt
writing entry points to cleaning_robot.egg-info/entry_points.txt
writing requirements to cleaning_robot.egg-info/requires.txt
writing top-level names to cleaning_robot.egg-info/top_level.txt
writing manifest file 'cleaning_robot.egg-info/SOURCES.txt'
reading manifest file 'cleaning_robot.egg-info/SOURCES.txt'
writing manifest file 'cleaning_robot.egg-info/SOURCES.txt'
running build_ext
Creating /home/pes2ug23cs552/cleaning_robot_ws/install/cleaning_robot/lib/python3.10/site-packages/cleaning-robot.egg-link (link to .)
Installing coverage_cleaner script to /home/pes2ug23cs552/cleaning_robot_ws/install/cleaning_robot/lib/cleaning_robot

Installed /home/pes2ug23cs552/cleaning_robot_ws/build/cleaning_robot
running symlink_data
creating /home/pes2ug23cs552/cleaning_robot_ws/install/cleaning_robot/share/ament_index
creating /home/pes2ug23cs552/cleaning_robot_ws/install/cleaning_robot/share/ament_index/resource_index
creating /home/pes2ug23cs552/cleaning_robot_ws/install/cleaning_robot/share/ament_index/resource_index/packages
symbolically linking /home/pes2ug23cs552/cleaning_robot_ws/build/cleaning_robot/resource/cleaning_robot -> /home/pes2ug23cs552/cleaning_robot_ws/install/cleaning_robot/share/ament_index/resource_index/packages
symbolically linking /home/pes2ug23cs552/cleaning_robot_ws/build/cleaning_robot/package.xml -> /home/pes2ug23cs552/cleaning_robot_ws/install/cleaning_robot/share/cleaning_robot
creating /home/pes2ug23cs552/cleaning_robot_ws/install/cleaning_robot/share/cleaning_robot/launch
symbolically linking /home/pes2ug23cs552/cleaning_robot_ws/build/cleaning_robot/launch/cleaning_robot_launch.py -> /home/pes2ug23cs552/cleaning_robot_ws/install/cleaning_robot/share/cleaning_robot/launch
creating /home/pes2ug23cs552/cleaning_robot_ws/install/cleaning_robot/share/cleaning_robot/worlds
symbolically linking /home/pes2ug23cs552/cleaning_robot_ws/build/cleaning_robot/worlds/cleaning_room.world -> /home/pes2ug23cs552/cleaning_robot_ws/install/cleaning_robot/share/cleaning_robot/worlds
creating /home/pes2ug23cs552/cleaning_robot_ws/install/cleaning_robot/share/cleaning_robot/maps
creating /home/pes2ug23cs552/cleaning_robot_ws/install/cleaning_robot/share/cleaning_robot/config
