[3.756s] DEBUG:colcon:Command line arguments: ['/usr/bin/colcon', 'build', '--symlink-install']
[3.757s] DEBUG:colcon:Parsed command line arguments: Namespace(log_base=None, log_level=None, verb_name='build', build_base='build', install_base='install', merge_install=False, symlink_install=True, test_result_base=None, continue_on_error=False, executor='parallel', parallel_workers=3, event_handlers=None, ignore_user_meta=False, metas=['./colcon.meta'], base_paths=['.'], packages_ignore=None, packages_ignore_regex=None, paths=None, packages_up_to=None, packages_up_to_regex=None, packages_above=None, packages_above_and_dependencies=None, packages_above_depth=None, packages_select_by_dep=None, packages_skip_by_dep=None, packages_skip_up_to=None, packages_select_build_failed=False, packages_skip_build_finished=False, packages_select_test_failures=False, packages_skip_test_passed=False, packages_select=None, packages_skip=None, packages_select_regex=None, packages_skip_regex=None, packages_start=None, packages_end=None, allow_overriding=[], cmake_args=None, cmake_target=None, cmake_target_skip_unavailable=False, cmake_clean_cache=False, cmake_clean_first=False, cmake_force_configure=False, ament_cmake_args=None, catkin_cmake_args=None, catkin_skip_building_tests=False, mixin_files=None, mixin=None, verb_parser=<colcon_mixin.mixin.mixin_argument.MixinArgumentDecorator object at 0x7672ace24be0>, verb_extension=<colcon_core.verb.build.BuildVerb object at 0x7672acf91bd0>, main=<bound method BuildVerb.main of <colcon_core.verb.build.BuildVerb object at 0x7672acf91bd0>>, mixin_verb=('build',))
[6.945s] Level 1:colcon.colcon_core.package_discovery:discover_packages(colcon_meta) check parameters
[6.945s] Level 1:colcon.colcon_core.package_discovery:discover_packages(recursive) check parameters
[6.945s] Level 1:colcon.colcon_core.package_discovery:discover_packages(ignore) check parameters
[6.945s] Level 1:colcon.colcon_core.package_discovery:discover_packages(path) check parameters
[6.945s] Level 1:colcon.colcon_core.package_discovery:discover_packages(colcon_meta) discover
[6.946s] Level 1:colcon.colcon_core.package_discovery:discover_packages(recursive) discover
[6.946s] INFO:colcon.colcon_core.package_discovery:Crawling recursively for packages in '/home/pes2ug23cs552/cleaning_robot_ws'
[6.946s] Level 1:colcon.colcon_core.package_identification:_identify(.) by extensions ['ignore', 'ignore_ament_install']
[6.947s] Level 1:colcon.colcon_core.package_identification:_identify(.) by extension 'ignore'
[6.948s] Level 1:colcon.colcon_core.package_identification:_identify(.) by extension 'ignore_ament_install'
[6.948s] Level 1:colcon.colcon_core.package_identification:_identify(.) by extensions ['colcon_pkg']
[6.948s] Level 1:colcon.colcon_core.package_identification:_identify(.) by extension 'colcon_pkg'
[6.948s] Level 1:colcon.colcon_core.package_identification:_identify(.) by extensions ['colcon_meta']
[6.948s] Level 1:colcon.colcon_core.package_identification:_identify(.) by extension 'colcon_meta'
[6.948s] Level 1:colcon.colcon_core.package_identification:_identify(.) by extensions ['ros']
[6.948s] Level 1:colcon.colcon_core.package_identification:_identify(.) by extension 'ros'
[7.047s] Level 1:colcon.colcon_core.package_identification:_identify(.) by extensions ['cmake', 'python']
[7.047s] Level 1:colcon.colcon_core.package_identification:_identify(.) by extension 'cmake'
[7.048s] Level 1:colcon.colcon_core.package_identification:_identify(.) by extension 'python'
[7.048s] Level 1:colcon.colcon_core.package_identification:_identify(.) by extensions ['python_setup_py']
[7.048s] Level 1:colcon.colcon_core.package_identification:_identify(.) by extension 'python_setup_py'
[7.048s] Level 1:colcon.colcon_core.package_identification:_identify(build) by extensions ['ignore', 'ignore_ament_install']
[7.049s] Level 1:colcon.colcon_core.package_identification:_identify(build) by extension 'ignore'
[7.049s] Level 1:colcon.colcon_core.package_identification:_identify(build) ignored
[7.049s] Level 1:colcon.colcon_core.package_identification:_identify(install) by extensions ['ignore', 'ignore_ament_install']
[7.050s] Level 1:colcon.colcon_core.package_identification:_identify(install) by extension 'ignore'
[7.050s] Level 1:colcon.colcon_core.package_identification:_identify(install) ignored
[7.051s] Level 1:colcon.colcon_core.package_identification:_identify(log) by extensions ['ignore', 'ignore_ament_install']
[7.051s] Level 1:colcon.colcon_core.package_identification:_identify(log) by extension 'ignore'
[7.051s] Level 1:colcon.colcon_core.package_identification:_identify(log) ignored
[7.052s] Level 1:colcon.colcon_core.package_identification:_identify(src) by extensions ['ignore', 'ignore_ament_install']
[7.053s] Level 1:colcon.colcon_core.package_identification:_identify(src) by extension 'ignore'
[7.054s] Level 1:colcon.colcon_core.package_identification:_identify(src) by extension 'ignore_ament_install'
[7.054s] Level 1:colcon.colcon_core.package_identification:_identify(src) by extensions ['colcon_pkg']
[7.055s] Level 1:colcon.colcon_core.package_identification:_identify(src) by extension 'colcon_pkg'
[7.055s] Level 1:colcon.colcon_core.package_identification:_identify(src) by extensions ['colcon_meta']
[7.055s] Level 1:colcon.colcon_core.package_identification:_identify(src) by extension 'colcon_meta'
[7.055s] Level 1:colcon.colcon_core.package_identification:_identify(src) by extensions ['ros']
[7.055s] Level 1:colcon.colcon_core.package_identification:_identify(src) by extension 'ros'
[7.056s] Level 1:colcon.colcon_core.package_identification:_identify(src) by extensions ['cmake', 'python']
[7.056s] Level 1:colcon.colcon_core.package_identification:_identify(src) by extension 'cmake'
[7.056s] Level 1:colcon.colcon_core.package_identification:_identify(src) by extension 'python'
[7.056s] Level 1:colcon.colcon_core.package_identification:_identify(src) by extensions ['python_setup_py']
[7.056s] Level 1:colcon.colcon_core.package_identification:_identify(src) by extension 'python_setup_py'
[7.057s] Level 1:colcon.colcon_core.package_identification:_identify(src/cleaning_robot) by extensions ['ignore', 'ignore_ament_install']
[7.057s] Level 1:colcon.colcon_core.package_identification:_identify(src/cleaning_robot) by extension 'ignore'
[7.058s] Level 1:colcon.colcon_core.package_identification:_identify(src/cleaning_robot) by extension 'ignore_ament_install'
[7.058s] Level 1:colcon.colcon_core.package_identification:_identify(src/cleaning_robot) by extensions ['colcon_pkg']
[7.058s] Level 1:colcon.colcon_core.package_identification:_identify(src/cleaning_robot) by extension 'colcon_pkg'
[7.058s] Level 1:colcon.colcon_core.package_identification:_identify(src/cleaning_robot) by extensions ['colcon_meta']
[7.058s] Level 1:colcon.colcon_core.package_identification:_identify(src/cleaning_robot) by extension 'colcon_meta'
[7.059s] Level 1:colcon.colcon_core.package_identification:_identify(src/cleaning_robot) by extensions ['ros']
[7.059s] Level 1:colcon.colcon_core.package_identification:_identify(src/cleaning_robot) by extension 'ros'
[7.094s] DEBUG:colcon.colcon_core.package_identification:Package 'src/cleaning_robot' with type 'ros.ament_python' and name 'cleaning_robot'
[7.094s] Level 1:colcon.colcon_core.package_discovery:discover_packages(recursive) using defaults
[7.094s] Level 1:colcon.colcon_core.package_discovery:discover_packages(ignore) discover
[7.094s] Level 1:colcon.colcon_core.package_discovery:discover_packages(ignore) using defaults
[7.094s] Level 1:colcon.colcon_core.package_discovery:discover_packages(path) discover
[7.094s] Level 1:colcon.colcon_core.package_discovery:discover_packages(path) using defaults
[7.456s] Level 1:colcon.colcon_core.package_discovery:discover_packages(prefix_path) check parameters
[7.456s] Level 1:colcon.colcon_core.package_discovery:discover_packages(prefix_path) discover
[7.508s] DEBUG:colcon.colcon_installed_package_information.package_discovery:Found 1 installed packages in /home/pes2ug23cs552/cleaning_robot_ws/install
[7.512s] DEBUG:colcon.colcon_installed_package_information.package_discovery:Found 16 installed packages in /home/pes2ug23cs552/turtlebot3_ws/install
[7.523s] DEBUG:colcon.colcon_installed_package_information.package_discovery:Found 413 installed packages in /opt/ros/humble
[7.535s] Level 1:colcon.colcon_core.package_discovery:discover_packages(prefix_path) using defaults
[8.400s] Level 5:colcon.colcon_core.verb:set package 'cleaning_robot' build argument 'cmake_args' from command line to 'None'
[8.401s] Level 5:colcon.colcon_core.verb:set package 'cleaning_robot' build argument 'cmake_target' from command line to 'None'
[8.401s] Level 5:colcon.colcon_core.verb:set package 'cleaning_robot' build argument 'cmake_target_skip_unavailable' from command line to 'False'
[8.401s] Level 5:colcon.colcon_core.verb:set package 'cleaning_robot' build argument 'cmake_clean_cache' from command line to 'False'
[8.401s] Level 5:colcon.colcon_core.verb:set package 'cleaning_robot' build argument 'cmake_clean_first' from command line to 'False'
[8.401s] Level 5:colcon.colcon_core.verb:set package 'cleaning_robot' build argument 'cmake_force_configure' from command line to 'False'
[8.401s] Level 5:colcon.colcon_core.verb:set package 'cleaning_robot' build argument 'ament_cmake_args' from command line to 'None'
[8.401s] Level 5:colcon.colcon_core.verb:set package 'cleaning_robot' build argument 'catkin_cmake_args' from command line to 'None'
[8.401s] Level 5:colcon.colcon_core.verb:set package 'cleaning_robot' build argument 'catkin_skip_building_tests' from command line to 'False'
[8.402s] DEBUG:colcon.colcon_core.verb:Building package 'cleaning_robot' with the following arguments: {'ament_cmake_args': None, 'build_base': '/home/pes2ug23cs552/cleaning_robot_ws/build/cleaning_robot', 'catkin_cmake_args': None, 'catkin_skip_building_tests': False, 'cmake_args': None, 'cmake_clean_cache': False, 'cmake_clean_first': False, 'cmake_force_configure': False, 'cmake_target': None, 'cmake_target_skip_unavailable': False, 'install_base': '/home/pes2ug23cs552/cleaning_robot_ws/install/cleaning_robot', 'merge_install': False, 'path': '/home/pes2ug23cs552/cleaning_robot_ws/src/cleaning_robot', 'symlink_install': True, 'test_result_base': None}
[8.403s] INFO:colcon.colcon_core.executor:Executing jobs using 'parallel' executor
[8.424s] DEBUG:colcon.colcon_parallel_executor.executor.parallel:run_until_complete
[8.428s] INFO:colcon.colcon_ros.task.ament_python.build:Building ROS package in '/home/pes2ug23cs552/cleaning_robot_ws/src/cleaning_robot' with build type 'ament_python'
[8.429s] Level 1:colcon.colcon_core.shell:create_environment_hook('cleaning_robot', 'ament_prefix_path')
[8.521s] INFO:colcon.colcon_core.plugin_system:Skipping extension 'colcon_core.shell.bat': Not used on non-Windows systems
[8.522s] INFO:colcon.colcon_core.shell:Creating environment hook '/home/pes2ug23cs552/cleaning_robot_ws/install/cleaning_robot/share/cleaning_robot/hook/ament_prefix_path.ps1'
[8.550s] INFO:colcon.colcon_core.shell:Creating environment descriptor '/home/pes2ug23cs552/cleaning_robot_ws/install/cleaning_robot/share/cleaning_robot/hook/ament_prefix_path.dsv'
[8.559s] INFO:colcon.colcon_core.shell:Creating environment hook '/home/pes2ug23cs552/cleaning_robot_ws/install/cleaning_robot/share/cleaning_robot/hook/ament_prefix_path.sh'
[8.574s] INFO:colcon.colcon_core.shell:Skip shell extension 'powershell' for command environment: Not usable outside of PowerShell
[8.575s] DEBUG:colcon.colcon_core.shell:Skip shell extension 'dsv' for command environment
[10.011s] INFO:colcon.colcon_core.task.python.build:Building Python package in '/home/pes2ug23cs552/cleaning_robot_ws/src/cleaning_robot'
[10.012s] INFO:colcon.colcon_core.shell:Skip shell extension 'powershell' for command environment: Not usable outside of PowerShell
[10.012s] DEBUG:colcon.colcon_core.shell:Skip shell extension 'dsv' for command environment
[14.528s] DEBUG:colcon.colcon_core.event_handler.log_command:Invoking command in '/home/pes2ug23cs552/cleaning_robot_ws/build/cleaning_robot': PYTHONPATH=/home/pes2ug23cs552/cleaning_robot_ws/build/cleaning_robot/prefix_override:/usr/lib/python3/dist-packages/colcon_core/task/python/colcon_distutils_commands:/home/pes2ug23cs552/cleaning_robot_ws/install/cleaning_robot/lib/python3.10/site-packages:${PYTHONPATH} /usr/bin/python3 -W ignore:setup.py install is deprecated -W ignore:easy_install command is deprecated setup.py develop --editable --build-directory /home/pes2ug23cs552/cleaning_robot_ws/build/cleaning_robot/build --no-deps symlink_data
[17.661s] Level 1:colcon.colcon_core.shell:create_environment_hook('cleaning_robot', 'pythonpath_develop')
[17.664s] DEBUG:colcon.colcon_core.event_handler.log_command:Invoked command in '/home/pes2ug23cs552/cleaning_robot_ws/build/cleaning_robot' returned '0': PYTHONPATH=/home/pes2ug23cs552/cleaning_robot_ws/build/cleaning_robot/prefix_override:/usr/lib/python3/dist-packages/colcon_core/task/python/colcon_distutils_commands:/home/pes2ug23cs552/cleaning_robot_ws/install/cleaning_robot/lib/python3.10/site-packages:${PYTHONPATH} /usr/bin/python3 -W ignore:setup.py install is deprecated -W ignore:easy_install command is deprecated setup.py develop --editable --build-directory /home/pes2ug23cs552/cleaning_robot_ws/build/cleaning_robot/build --no-deps symlink_data
[17.666s] INFO:colcon.colcon_core.shell:Creating environment hook '/home/pes2ug23cs552/cleaning_robot_ws/build/cleaning_robot/share/cleaning_robot/hook/pythonpath_develop.ps1'
[17.672s] INFO:colcon.colcon_core.shell:Creating environment descriptor '/home/pes2ug23cs552/cleaning_robot_ws/build/cleaning_robot/share/cleaning_robot/hook/pythonpath_develop.dsv'
[17.676s] INFO:colcon.colcon_core.shell:Creating environment hook '/home/pes2ug23cs552/cleaning_robot_ws/build/cleaning_robot/share/cleaning_robot/hook/pythonpath_develop.sh'
[17.772s] Level 1:colcon.colcon_core.environment:checking '/home/pes2ug23cs552/cleaning_robot_ws/install/cleaning_robot' for CMake module files
[17.775s] Level 1:colcon.colcon_core.environment:checking '/home/pes2ug23cs552/cleaning_robot_ws/install/cleaning_robot' for CMake config files
[17.783s] Level 1:colcon.colcon_core.environment:checking '/home/pes2ug23cs552/cleaning_robot_ws/install/cleaning_robot/lib'
[17.784s] Level 1:colcon.colcon_core.environment:checking '/home/pes2ug23cs552/cleaning_robot_ws/install/cleaning_robot/bin'
[17.785s] Level 1:colcon.colcon_core.environment:checking '/home/pes2ug23cs552/cleaning_robot_ws/install/cleaning_robot/lib/pkgconfig/cleaning_robot.pc'
[17.786s] Level 1:colcon.colcon_core.environment:checking '/home/pes2ug23cs552/cleaning_robot_ws/install/cleaning_robot/lib/python3.10/site-packages'
[17.786s] Level 1:colcon.colcon_core.shell:create_environment_hook('cleaning_robot', 'pythonpath')
[17.788s] INFO:colcon.colcon_core.shell:Creating environment hook '/home/pes2ug23cs552/cleaning_robot_ws/install/cleaning_robot/share/cleaning_robot/hook/pythonpath.ps1'
[17.792s] INFO:colcon.colcon_core.shell:Creating environment descriptor '/home/pes2ug23cs552/cleaning_robot_ws/install/cleaning_robot/share/cleaning_robot/hook/pythonpath.dsv'
[17.799s] INFO:colcon.colcon_core.shell:Creating environment hook '/home/pes2ug23cs552/cleaning_robot_ws/install/cleaning_robot/share/cleaning_robot/hook/pythonpath.sh'
[17.809s] Level 1:colcon.colcon_core.environment:checking '/home/pes2ug23cs552/cleaning_robot_ws/install/cleaning_robot/bin'
[17.811s] Level 1:colcon.colcon_core.environment:create_environment_scripts_only(cleaning_robot)
[17.814s] INFO:colcon.colcon_core.shell:Creating package script '/home/pes2ug23cs552/cleaning_robot_ws/install/cleaning_robot/share/cleaning_robot/package.ps1'
[17.823s] INFO:colcon.colcon_core.shell:Creating package descriptor '/home/pes2ug23cs552/cleaning_robot_ws/install/cleaning_robot/share/cleaning_robot/package.dsv'
[17.832s] INFO:colcon.colcon_core.shell:Creating package script '/home/pes2ug23cs552/cleaning_robot_ws/install/cleaning_robot/share/cleaning_robot/package.sh'
[17.842s] INFO:colcon.colcon_core.shell:Creating package script '/home/pes2ug23cs552/cleaning_robot_ws/install/cleaning_robot/share/cleaning_robot/package.bash'
[17.862s] INFO:colcon.colcon_core.shell:Creating package script '/home/pes2ug23cs552/cleaning_robot_ws/install/cleaning_robot/share/cleaning_robot/package.zsh'
[17.879s] Level 1:colcon.colcon_core.environment:create_file_with_runtime_dependencies(/home/pes2ug23cs552/cleaning_robot_ws/install/cleaning_robot/share/colcon-core/packages/cleaning_robot)
[17.882s] DEBUG:colcon.colcon_parallel_executor.executor.parallel:closing loop
[17.889s] DEBUG:colcon.colcon_parallel_executor.executor.parallel:loop closed
[17.893s] DEBUG:colcon.colcon_parallel_executor.executor.parallel:run_until_complete finished with '0'
[17.896s] DEBUG:colcon.colcon_core.event_reactor:joining thread
[17.998s] INFO:colcon.colcon_core.plugin_system:Skipping extension 'colcon_notification.desktop_notification.terminal_notifier': Not used on non-Darwin systems
[17.998s] INFO:colcon.colcon_core.plugin_system:Skipping extension 'colcon_notification.desktop_notification.win32': Not used on non-Windows systems
[17.999s] INFO:colcon.colcon_notification.desktop_notification:Sending desktop notification using 'notify2'
[18.233s] DEBUG:colcon.colcon_core.event_reactor:joined thread
[18.236s] INFO:colcon.colcon_core.shell:Creating prefix script '/home/pes2ug23cs552/cleaning_robot_ws/install/local_setup.ps1'
[18.248s] INFO:colcon.colcon_core.shell:Creating prefix util module '/home/pes2ug23cs552/cleaning_robot_ws/install/_local_setup_util_ps1.py'
[18.259s] INFO:colcon.colcon_core.shell:Creating prefix chain script '/home/pes2ug23cs552/cleaning_robot_ws/install/setup.ps1'
[18.271s] INFO:colcon.colcon_core.shell:Creating prefix script '/home/pes2ug23cs552/cleaning_robot_ws/install/local_setup.sh'
[18.287s] INFO:colcon.colcon_core.shell:Creating prefix util module '/home/pes2ug23cs552/cleaning_robot_ws/install/_local_setup_util_sh.py'
[18.292s] INFO:colcon.colcon_core.shell:Creating prefix chain script '/home/pes2ug23cs552/cleaning_robot_ws/install/setup.sh'
[18.307s] INFO:colcon.colcon_core.shell:Creating prefix script '/home/pes2ug23cs552/cleaning_robot_ws/install/local_setup.bash'
[18.315s] INFO:colcon.colcon_core.shell:Creating prefix chain script '/home/pes2ug23cs552/cleaning_robot_ws/install/setup.bash'
[18.331s] INFO:colcon.colcon_core.shell:Creating prefix script '/home/pes2ug23cs552/cleaning_robot_ws/install/local_setup.zsh'
[18.340s] INFO:colcon.colcon_core.shell:Creating prefix chain script '/home/pes2ug23cs552/cleaning_robot_ws/install/setup.zsh'
