[2.748s] DEBUG:colcon:Command line arguments: ['/usr/bin/colcon', 'build', '--symlink-install']
[2.751s] DEBUG:colcon:Parsed command line arguments: Namespace(log_base=None, log_level=None, verb_name='build', build_base='build', install_base='install', merge_install=False, symlink_install=True, test_result_base=None, continue_on_error=False, executor='parallel', parallel_workers=3, event_handlers=None, ignore_user_meta=False, metas=['./colcon.meta'], base_paths=['.'], packages_ignore=None, packages_ignore_regex=None, paths=None, packages_up_to=None, packages_up_to_regex=None, packages_above=None, packages_above_and_dependencies=None, packages_above_depth=None, packages_select_by_dep=None, packages_skip_by_dep=None, packages_skip_up_to=None, packages_select_build_failed=False, packages_skip_build_finished=False, packages_select_test_failures=False, packages_skip_test_passed=False, packages_select=None, packages_skip=None, packages_select_regex=None, packages_skip_regex=None, packages_start=None, packages_end=None, allow_overriding=[], cmake_args=None, cmake_target=None, cmake_target_skip_unavailable=False, cmake_clean_cache=False, cmake_clean_first=False, cmake_force_configure=False, ament_cmake_args=None, catkin_cmake_args=None, catkin_skip_building_tests=False, mixin_files=None, mixin=None, verb_parser=<colcon_mixin.mixin.mixin_argument.MixinArgumentDecorator object at 0x789cbd6a0670>, verb_extension=<colcon_core.verb.build.BuildVerb object at 0x789cbd7b15d0>, main=<bound method BuildVerb.main of <colcon_core.verb.build.BuildVerb object at 0x789cbd7b15d0>>, mixin_verb=('build',))
[5.405s] Level 1:colcon.colcon_core.package_discovery:discover_packages(colcon_meta) check parameters
[5.405s] Level 1:colcon.colcon_core.package_discovery:discover_packages(recursive) check parameters
[5.405s] Level 1:colcon.colcon_core.package_discovery:discover_packages(ignore) check parameters
[5.405s] Level 1:colcon.colcon_core.package_discovery:discover_packages(path) check parameters
[5.405s] Level 1:colcon.colcon_core.package_discovery:discover_packages(colcon_meta) discover
[5.405s] Level 1:colcon.colcon_core.package_discovery:discover_packages(recursive) discover
[5.406s] INFO:colcon.colcon_core.package_discovery:Crawling recursively for packages in '/home/pes2ug23cs552/cleaning_robot_ws'
[5.406s] Level 1:colcon.colcon_core.package_identification:_identify(.) by extensions ['ignore', 'ignore_ament_install']
[5.406s] Level 1:colcon.colcon_core.package_identification:_identify(.) by extension 'ignore'
[5.406s] Level 1:colcon.colcon_core.package_identification:_identify(.) by extension 'ignore_ament_install'
[5.406s] Level 1:colcon.colcon_core.package_identification:_identify(.) by extensions ['colcon_pkg']
[5.406s] Level 1:colcon.colcon_core.package_identification:_identify(.) by extension 'colcon_pkg'
[5.407s] Level 1:colcon.colcon_core.package_identification:_identify(.) by extensions ['colcon_meta']
[5.407s] Level 1:colcon.colcon_core.package_identification:_identify(.) by extension 'colcon_meta'
[5.407s] Level 1:colcon.colcon_core.package_identification:_identify(.) by extensions ['ros']
[5.407s] Level 1:colcon.colcon_core.package_identification:_identify(.) by extension 'ros'
[5.492s] Level 1:colcon.colcon_core.package_identification:_identify(.) by extensions ['cmake', 'python']
[5.493s] Level 1:colcon.colcon_core.package_identification:_identify(.) by extension 'cmake'
[5.493s] Level 1:colcon.colcon_core.package_identification:_identify(.) by extension 'python'
[5.494s] Level 1:colcon.colcon_core.package_identification:_identify(.) by extensions ['python_setup_py']
[5.494s] Level 1:colcon.colcon_core.package_identification:_identify(.) by extension 'python_setup_py'
[5.496s] Level 1:colcon.colcon_core.package_identification:_identify(build) by extensions ['ignore', 'ignore_ament_install']
[5.497s] Level 1:colcon.colcon_core.package_identification:_identify(build) by extension 'ignore'
[5.497s] Level 1:colcon.colcon_core.package_identification:_identify(build) ignored
[5.501s] Level 1:colcon.colcon_core.package_identification:_identify(install) by extensions ['ignore', 'ignore_ament_install']
[5.501s] Level 1:colcon.colcon_core.package_identification:_identify(install) by extension 'ignore'
[5.501s] Level 1:colcon.colcon_core.package_identification:_identify(install) ignored
[5.501s] Level 1:colcon.colcon_core.package_identification:_identify(log) by extensions ['ignore', 'ignore_ament_install']
[5.501s] Level 1:colcon.colcon_core.package_identification:_identify(log) by extension 'ignore'
[5.502s] Level 1:colcon.colcon_core.package_identification:_identify(log) ignored
[5.502s] Level 1:colcon.colcon_core.package_identification:_identify(src) by extensions ['ignore', 'ignore_ament_install']
[5.502s] Level 1:colcon.colcon_core.package_identification:_identify(src) by extension 'ignore'
[5.502s] Level 1:colcon.colcon_core.package_identification:_identify(src) by extension 'ignore_ament_install'
[5.503s] Level 1:colcon.colcon_core.package_identification:_identify(src) by extensions ['colcon_pkg']
[5.503s] Level 1:colcon.colcon_core.package_identification:_identify(src) by extension 'colcon_pkg'
[5.503s] Level 1:colcon.colcon_core.package_identification:_identify(src) by extensions ['colcon_meta']
[5.503s] Level 1:colcon.colcon_core.package_identification:_identify(src) by extension 'colcon_meta'
[5.503s] Level 1:colcon.colcon_core.package_identification:_identify(src) by extensions ['ros']
[5.503s] Level 1:colcon.colcon_core.package_identification:_identify(src) by extension 'ros'
[5.503s] Level 1:colcon.colcon_core.package_identification:_identify(src) by extensions ['cmake', 'python']
[5.503s] Level 1:colcon.colcon_core.package_identification:_identify(src) by extension 'cmake'
[5.503s] Level 1:colcon.colcon_core.package_identification:_identify(src) by extension 'python'
[5.503s] Level 1:colcon.colcon_core.package_identification:_identify(src) by extensions ['python_setup_py']
[5.504s] Level 1:colcon.colcon_core.package_identification:_identify(src) by extension 'python_setup_py'
[5.504s] Level 1:colcon.colcon_core.package_identification:_identify(src/cleaning_robot) by extensions ['ignore', 'ignore_ament_install']
[5.504s] Level 1:colcon.colcon_core.package_identification:_identify(src/cleaning_robot) by extension 'ignore'
[5.504s] Level 1:colcon.colcon_core.package_identification:_identify(src/cleaning_robot) by extension 'ignore_ament_install'
[5.504s] Level 1:colcon.colcon_core.package_identification:_identify(src/cleaning_robot) by extensions ['colcon_pkg']
[5.504s] Level 1:colcon.colcon_core.package_identification:_identify(src/cleaning_robot) by extension 'colcon_pkg'
[5.504s] Level 1:colcon.colcon_core.package_identification:_identify(src/cleaning_robot) by extensions ['colcon_meta']
[5.505s] Level 1:colcon.colcon_core.package_identification:_identify(src/cleaning_robot) by extension 'colcon_meta'
[5.505s] Level 1:colcon.colcon_core.package_identification:_identify(src/cleaning_robot) by extensions ['ros']
[5.505s] Level 1:colcon.colcon_core.package_identification:_identify(src/cleaning_robot) by extension 'ros'
[5.538s] DEBUG:colcon.colcon_core.package_identification:Package 'src/cleaning_robot' with type 'ros.ament_python' and name 'cleaning_robot'
[5.538s] Level 1:colcon.colcon_core.package_discovery:discover_packages(recursive) using defaults
[5.538s] Level 1:colcon.colcon_core.package_discovery:discover_packages(ignore) discover
[5.538s] Level 1:colcon.colcon_core.package_discovery:discover_packages(ignore) using defaults
[5.538s] Level 1:colcon.colcon_core.package_discovery:discover_packages(path) discover
[5.538s] Level 1:colcon.colcon_core.package_discovery:discover_packages(path) using defaults
[5.746s] Level 1:colcon.colcon_core.package_discovery:discover_packages(prefix_path) check parameters
[5.746s] Level 1:colcon.colcon_core.package_discovery:discover_packages(prefix_path) discover
[5.782s] DEBUG:colcon.colcon_installed_package_information.package_discovery:Found 0 installed packages in /home/pes2ug23cs552/cleaning_robot_ws/install
[5.870s] DEBUG:colcon.colcon_installed_package_information.package_discovery:Found 16 installed packages in /home/pes2ug23cs552/turtlebot3_ws/install
[5.879s] DEBUG:colcon.colcon_installed_package_information.package_discovery:Found 413 installed packages in /opt/ros/humble
[5.883s] Level 1:colcon.colcon_core.package_discovery:discover_packages(prefix_path) using defaults
[6.417s] Level 5:colcon.colcon_core.verb:set package 'cleaning_robot' build argument 'cmake_args' from command line to 'None'
[6.417s] Level 5:colcon.colcon_core.verb:set package 'cleaning_robot' build argument 'cmake_target' from command line to 'None'
[6.418s] Level 5:colcon.colcon_core.verb:set package 'cleaning_robot' build argument 'cmake_target_skip_unavailable' from command line to 'False'
[6.418s] Level 5:colcon.colcon_core.verb:set package 'cleaning_robot' build argument 'cmake_clean_cache' from command line to 'False'
[6.418s] Level 5:colcon.colcon_core.verb:set package 'cleaning_robot' build argument 'cmake_clean_first' from command line to 'False'
[6.418s] Level 5:colcon.colcon_core.verb:set package 'cleaning_robot' build argument 'cmake_force_configure' from command line to 'False'
[6.418s] Level 5:colcon.colcon_core.verb:set package 'cleaning_robot' build argument 'ament_cmake_args' from command line to 'None'
[6.418s] Level 5:colcon.colcon_core.verb:set package 'cleaning_robot' build argument 'catkin_cmake_args' from command line to 'None'
[6.418s] Level 5:colcon.colcon_core.verb:set package 'cleaning_robot' build argument 'catkin_skip_building_tests' from command line to 'False'
[6.418s] DEBUG:colcon.colcon_core.verb:Building package 'cleaning_robot' with the following arguments: {'ament_cmake_args': None, 'build_base': '/home/pes2ug23cs552/cleaning_robot_ws/build/cleaning_robot', 'catkin_cmake_args': None, 'catkin_skip_building_tests': False, 'cmake_args': None, 'cmake_clean_cache': False, 'cmake_clean_first': False, 'cmake_force_configure': False, 'cmake_target': None, 'cmake_target_skip_unavailable': False, 'install_base': '/home/pes2ug23cs552/cleaning_robot_ws/install/cleaning_robot', 'merge_install': False, 'path': '/home/pes2ug23cs552/cleaning_robot_ws/src/cleaning_robot', 'symlink_install': True, 'test_result_base': None}
[6.418s] INFO:colcon.colcon_core.executor:Executing jobs using 'parallel' executor
[6.452s] DEBUG:colcon.colcon_parallel_executor.executor.parallel:run_until_complete
[6.456s] INFO:colcon.colcon_ros.task.ament_python.build:Building ROS package in '/home/pes2ug23cs552/cleaning_robot_ws/src/cleaning_robot' with build type 'ament_python'
[6.457s] Level 1:colcon.colcon_core.shell:create_environment_hook('cleaning_robot', 'ament_prefix_path')
[6.537s] INFO:colcon.colcon_core.plugin_system:Skipping extension 'colcon_core.shell.bat': Not used on non-Windows systems
[6.538s] INFO:colcon.colcon_core.shell:Creating environment hook '/home/pes2ug23cs552/cleaning_robot_ws/install/cleaning_robot/share/cleaning_robot/hook/ament_prefix_path.ps1'
[6.545s] INFO:colcon.colcon_core.shell:Creating environment descriptor '/home/pes2ug23cs552/cleaning_robot_ws/install/cleaning_robot/share/cleaning_robot/hook/ament_prefix_path.dsv'
[6.560s] INFO:colcon.colcon_core.shell:Creating environment hook '/home/pes2ug23cs552/cleaning_robot_ws/install/cleaning_robot/share/cleaning_robot/hook/ament_prefix_path.sh'
[6.566s] INFO:colcon.colcon_core.shell:Skip shell extension 'powershell' for command environment: Not usable outside of PowerShell
[6.566s] DEBUG:colcon.colcon_core.shell:Skip shell extension 'dsv' for command environment
[7.584s] INFO:colcon.colcon_core.task.python.build:Building Python package in '/home/pes2ug23cs552/cleaning_robot_ws/src/cleaning_robot'
[7.585s] INFO:colcon.colcon_core.shell:Skip shell extension 'powershell' for command environment: Not usable outside of PowerShell
[7.585s] DEBUG:colcon.colcon_core.shell:Skip shell extension 'dsv' for command environment
[11.357s] DEBUG:colcon.colcon_core.event_handler.log_command:Invoking command in '/home/pes2ug23cs552/cleaning_robot_ws/build/cleaning_robot': PYTHONPATH=/home/pes2ug23cs552/cleaning_robot_ws/build/cleaning_robot/prefix_override:/usr/lib/python3/dist-packages/colcon_core/task/python/colcon_distutils_commands:/home/pes2ug23cs552/cleaning_robot_ws/install/cleaning_robot/lib/python3.10/site-packages:${PYTHONPATH} /usr/bin/python3 -W ignore:setup.py install is deprecated -W ignore:easy_install command is deprecated setup.py develop --editable --build-directory /home/pes2ug23cs552/cleaning_robot_ws/build/cleaning_robot/build --no-deps symlink_data
[13.331s] Level 1:colcon.colcon_core.shell:create_environment_hook('cleaning_robot', 'pythonpath_develop')
[13.332s] INFO:colcon.colcon_core.shell:Creating environment hook '/home/pes2ug23cs552/cleaning_robot_ws/build/cleaning_robot/share/cleaning_robot/hook/pythonpath_develop.ps1'
[13.333s] INFO:colcon.colcon_core.shell:Creating environment descriptor '/home/pes2ug23cs552/cleaning_robot_ws/build/cleaning_robot/share/cleaning_robot/hook/pythonpath_develop.dsv'
[13.336s] INFO:colcon.colcon_core.shell:Creating environment hook '/home/pes2ug23cs552/cleaning_robot_ws/build/cleaning_robot/share/cleaning_robot/hook/pythonpath_develop.sh'
[13.341s] DEBUG:colcon.colcon_core.event_handler.log_command:Invoked command in '/home/pes2ug23cs552/cleaning_robot_ws/build/cleaning_robot' returned '0': PYTHONPATH=/home/pes2ug23cs552/cleaning_robot_ws/build/cleaning_robot/prefix_override:/usr/lib/python3/dist-packages/colcon_core/task/python/colcon_distutils_commands:/home/pes2ug23cs552/cleaning_robot_ws/install/cleaning_robot/lib/python3.10/site-packages:${PYTHONPATH} /usr/bin/python3 -W ignore:setup.py install is deprecated -W ignore:easy_install command is deprecated setup.py develop --editable --build-directory /home/pes2ug23cs552/cleaning_robot_ws/build/cleaning_robot/build --no-deps symlink_data
[13.421s] Level 1:colcon.colcon_core.environment:checking '/home/pes2ug23cs552/cleaning_robot_ws/install/cleaning_robot' for CMake module files
[13.422s] Level 1:colcon.colcon_core.environment:checking '/home/pes2ug23cs552/cleaning_robot_ws/install/cleaning_robot' for CMake config files
[13.424s] Level 1:colcon.colcon_core.environment:checking '/home/pes2ug23cs552/cleaning_robot_ws/install/cleaning_robot/lib'
[13.424s] Level 1:colcon.colcon_core.environment:checking '/home/pes2ug23cs552/cleaning_robot_ws/install/cleaning_robot/bin'
[13.425s] Level 1:colcon.colcon_core.environment:checking '/home/pes2ug23cs552/cleaning_robot_ws/install/cleaning_robot/lib/pkgconfig/cleaning_robot.pc'
[13.425s] Level 1:colcon.colcon_core.environment:checking '/home/pes2ug23cs552/cleaning_robot_ws/install/cleaning_robot/lib/python3.10/site-packages'
[13.425s] Level 1:colcon.colcon_core.shell:create_environment_hook('cleaning_robot', 'pythonpath')
[13.426s] INFO:colcon.colcon_core.shell:Creating environment hook '/home/pes2ug23cs552/cleaning_robot_ws/install/cleaning_robot/share/cleaning_robot/hook/pythonpath.ps1'
[13.427s] INFO:colcon.colcon_core.shell:Creating environment descriptor '/home/pes2ug23cs552/cleaning_robot_ws/install/cleaning_robot/share/cleaning_robot/hook/pythonpath.dsv'
[13.428s] INFO:colcon.colcon_core.shell:Creating environment hook '/home/pes2ug23cs552/cleaning_robot_ws/install/cleaning_robot/share/cleaning_robot/hook/pythonpath.sh'
[13.429s] Level 1:colcon.colcon_core.environment:checking '/home/pes2ug23cs552/cleaning_robot_ws/install/cleaning_robot/bin'
[13.429s] Level 1:colcon.colcon_core.environment:create_environment_scripts_only(cleaning_robot)
[13.430s] INFO:colcon.colcon_core.shell:Creating package script '/home/pes2ug23cs552/cleaning_robot_ws/install/cleaning_robot/share/cleaning_robot/package.ps1'
[13.438s] INFO:colcon.colcon_core.shell:Creating package descriptor '/home/pes2ug23cs552/cleaning_robot_ws/install/cleaning_robot/share/cleaning_robot/package.dsv'
[13.443s] INFO:colcon.colcon_core.shell:Creating package script '/home/pes2ug23cs552/cleaning_robot_ws/install/cleaning_robot/share/cleaning_robot/package.sh'
[13.459s] INFO:colcon.colcon_core.shell:Creating package script '/home/pes2ug23cs552/cleaning_robot_ws/install/cleaning_robot/share/cleaning_robot/package.bash'
[13.471s] INFO:colcon.colcon_core.shell:Creating package script '/home/pes2ug23cs552/cleaning_robot_ws/install/cleaning_robot/share/cleaning_robot/package.zsh'
[13.479s] Level 1:colcon.colcon_core.environment:create_file_with_runtime_dependencies(/home/pes2ug23cs552/cleaning_robot_ws/install/cleaning_robot/share/colcon-core/packages/cleaning_robot)
[13.481s] DEBUG:colcon.colcon_parallel_executor.executor.parallel:closing loop
[13.481s] DEBUG:colcon.colcon_parallel_executor.executor.parallel:loop closed
[13.484s] DEBUG:colcon.colcon_parallel_executor.executor.parallel:run_until_complete finished with '0'
[13.484s] DEBUG:colcon.colcon_core.event_reactor:joining thread
[13.532s] INFO:colcon.colcon_core.plugin_system:Skipping extension 'colcon_notification.desktop_notification.terminal_notifier': Not used on non-Darwin systems
[13.533s] INFO:colcon.colcon_core.plugin_system:Skipping extension 'colcon_notification.desktop_notification.win32': Not used on non-Windows systems
[13.533s] INFO:colcon.colcon_notification.desktop_notification:Sending desktop notification using 'notify2'
[13.705s] DEBUG:colcon.colcon_core.event_reactor:joined thread
[13.707s] INFO:colcon.colcon_core.shell:Creating prefix script '/home/pes2ug23cs552/cleaning_robot_ws/install/local_setup.ps1'
[13.713s] INFO:colcon.colcon_core.shell:Creating prefix util module '/home/pes2ug23cs552/cleaning_robot_ws/install/_local_setup_util_ps1.py'
[13.733s] INFO:colcon.colcon_core.shell:Creating prefix chain script '/home/pes2ug23cs552/cleaning_robot_ws/install/setup.ps1'
[13.741s] INFO:colcon.colcon_core.shell:Creating prefix script '/home/pes2ug23cs552/cleaning_robot_ws/install/local_setup.sh'
[13.748s] INFO:colcon.colcon_core.shell:Creating prefix util module '/home/pes2ug23cs552/cleaning_robot_ws/install/_local_setup_util_sh.py'
[13.751s] INFO:colcon.colcon_core.shell:Creating prefix chain script '/home/pes2ug23cs552/cleaning_robot_ws/install/setup.sh'
[13.761s] INFO:colcon.colcon_core.shell:Creating prefix script '/home/pes2ug23cs552/cleaning_robot_ws/install/local_setup.bash'
[13.768s] INFO:colcon.colcon_core.shell:Creating prefix chain script '/home/pes2ug23cs552/cleaning_robot_ws/install/setup.bash'
[13.786s] INFO:colcon.colcon_core.shell:Creating prefix script '/home/pes2ug23cs552/cleaning_robot_ws/install/local_setup.zsh'
[13.792s] INFO:colcon.colcon_core.shell:Creating prefix chain script '/home/pes2ug23cs552/cleaning_robot_ws/install/setup.zsh'
